make --dry-run --always-make --keep-going --print-directory
make: Entering directory '/home/taha/Desktop/queues'
mkdir -p obj
mkdir -p obj/utils
nu=-1 ; if [[ $nu -eq -1 ]] ; then \
printf '\033[0;34m'"🔷 Making the  --> "'\033[0m' \
 ; fi
gcc  -g -pthread -Wall -Werror -Wextra -I include  -c src/main.c -o obj/main.o
tput civis
printf main.o"\n"
printf  '\033[s'""
printf "\033[24;0f"
number=19 ; while [[ $number -ge 0 ]] ; do \
        printf '\033[0;33m'"🟩"'\033[0m'  ;\
        ((number = number - 1)) ; \
    done
printf  '\033[u'""
printf  "\033[1A"""
printf  '\033[s'""
printf '\033[0;34m'"🔷 Making the  --> "'\033[0m' 
tput el
mkdir -p obj
mkdir -p obj/utils
nu=19 ; if [[ $nu -eq -1 ]] ; then \
printf '\033[0;34m'"🔷 Making the  --> "'\033[0m' \
 ; fi
gcc  -g -pthread -Wall -Werror -Wextra -I include  -c src/queue.c -o obj/queue.o
tput civis
printf queue.o"\n"
printf  '\033[s'""
printf "\033[24;0f"
number=39 ; while [[ $number -ge 0 ]] ; do \
        printf '\033[0;33m'"🟩"'\033[0m'  ;\
        ((number = number - 1)) ; \
    done
printf  '\033[u'""
printf  "\033[1A"""
printf  '\033[s'""
printf '\033[0;34m'"🔷 Making the  --> "'\033[0m' 
tput el
printf "\033[24;0f"
tput el
printf  '\033[u'""
tput el
printf '\033[0;32m'"\rMaking is done ✅\n"'\033[0m'
gcc  -g -pthread -Wall -Werror -Wextra -I include  obj/main.o obj/queue.o  -lreadline -o ./name
tput cvvis
make: Leaving directory '/home/taha/Desktop/queues'
 
